{
  "stats": {
    "suites": 1,
    "tests": 4,
    "passes": 3,
    "pending": 0,
    "failures": 1,
    "start": "2024-05-13T20:17:53.456Z",
    "end": "2024-05-13T20:18:13.880Z",
    "duration": 20424,
    "testsRegistered": 4,
    "passPercent": 75,
    "pendingPercent": 0,
    "other": 0,
    "hasOther": false,
    "skipped": 0,
    "hasSkipped": false
  },
  "results": [
    {
      "uuid": "54f46684-4939-434b-aa84-dbb5209954f5",
      "title": "",
      "fullFile": "cypress\\integration\\testcases\\TestFrameWork2.js",
      "file": "cypress\\integration\\testcases\\TestFrameWork2.js",
      "beforeHooks": [],
      "afterHooks": [],
      "tests": [],
      "suites": [
        {
          "uuid": "af4f181b-7e8f-4ddd-b655-8b0b4ae5a733",
          "title": "My end to end Test Suite",
          "fullFile": "",
          "file": "",
          "beforeHooks": [],
          "afterHooks": [],
          "tests": [
            {
              "title": "Customer buy mobile",
              "fullTitle": "My end to end Test Suite Customer buy mobile",
              "timedOut": null,
              "duration": 4100,
              "state": "passed",
              "speed": "fast",
              "pass": true,
              "fail": false,
              "pending": false,
              "context": null,
              "code": "cy.contains('.nav-link', 'Shop').click();\nproducts.getItemsName().each(function ($el, index) {\n  if ($el.text().includes('Blackberry')) {\n    products.getAddButton().eq(index).click();\n  }\n});\nproducts.getCheckout().click();\ncheckOut.getCheckoutButton().click();\ncheckOut.getCheckBox().click({\n  force: true\n});\ncheckOut.getDeliveryLocationField().type(this.data.home);\ncheckOut.getPurchaseButton().click();\ncheckOut.getAlertMessage().contains('Success! Thank you! Your order will be delivered in next few weeks ');",
              "err": {},
              "uuid": "1ffb2337-9edb-4a6e-9445-1c8a872a35da",
              "parentUUID": "af4f181b-7e8f-4ddd-b655-8b0b4ae5a733",
              "isHook": false,
              "skipped": false
            },
            {
              "title": "Customer buy multiple mobiles",
              "fullTitle": "My end to end Test Suite Customer buy multiple mobiles",
              "timedOut": null,
              "duration": 1554,
              "state": "passed",
              "speed": "fast",
              "pass": true,
              "fail": false,
              "pending": false,
              "context": null,
              "code": "products.getshop().click();\nthis.data.productName.forEach(function (element) {\n  cy.selectProduct(element);\n});\nproducts.getCheckout().click();\ncheckOut.getCheckoutButton().click();\ncheckOut.getCheckBox().click({\n  force: true\n});\ncheckOut.getDeliveryLocationField().type(this.data.home);\ncheckOut.getPurchaseButton().click();\ncheckOut.getAlertMessage().contains('Success! Thank you! Your order will be delivered in next few weeks ');",
              "err": {},
              "uuid": "9bf0352c-2b99-4515-bfef-9eb6e49f6071",
              "parentUUID": "af4f181b-7e8f-4ddd-b655-8b0b4ae5a733",
              "isHook": false,
              "skipped": false
            },
            {
              "title": "Customer buys mobile by Page object",
              "fullTitle": "My end to end Test Suite Customer buys mobile by Page object",
              "timedOut": null,
              "duration": 6347,
              "state": "passed",
              "speed": "medium",
              "pass": true,
              "fail": false,
              "pending": false,
              "context": null,
              "code": "Cypress.config('defaultCommandTimeout', 9000);\nproducts.getshop().click();\nproducts.getItemsName().each(function ($el, index) {\n  if ($el.text().includes('Blackberry')) {\n    products.getAddButton().eq(index).click();\n  }\n});\nproducts.getCheckout().click();\ncheckOut.getCheckoutButton().click();\ncheckOut.getCheckBox().click({\n  force: true\n});\ncheckOut.getDeliveryLocationField().type(this.data.home);\ncheckOut.getSuggesstions().each(($el, index, $list) => {\n  if ($el.text() === this.data.countryChecked) {\n    cy.wrap($el).click();\n  }\n});\ncheckOut.getPurchaseButton().click();\ncheckOut.getAlertMessage().contains('Success! Thank you! Your order will be delivered in next few weeks ');",
              "err": {},
              "uuid": "d596933f-1b8b-4af1-9e40-7c97c71bd6d0",
              "parentUUID": "af4f181b-7e8f-4ddd-b655-8b0b4ae5a733",
              "isHook": false,
              "skipped": false
            },
            {
              "title": "check the toatl of cost of items ",
              "fullTitle": "My end to end Test Suite check the toatl of cost of items ",
              "timedOut": null,
              "duration": 5232,
              "state": "failed",
              "speed": null,
              "pass": false,
              "fail": true,
              "pending": false,
              "context": "{\n  \"title\": \"cypress-mochawesome-reporter-screenshots\",\n  \"value\": [\n    [\n      \"\\\\TestFrameWork2.js\\\\My end to end Test Suite -- check the toatl of cost of items (failed).png\"\n    ]\n  ]\n}",
              "code": "Cypress.config('defaultCommandTimeout', 9000);\nproducts.getshop().click();\nproducts.getItemsName().each(function ($el, index) {\n  if ($el.text().includes('Blackberry')) {\n    products.getAddButton().eq(index).click();\n  }\n  if ($el.text().includes('Blackberry')) {\n    products.getAddButton().eq(index).click();\n  }\n  if ($el.text().includes('iphone X')) {\n    products.getAddButton().eq(index).click();\n  }\n  if ($el.text().includes('iphone X')) {\n    products.getAddButton().eq(index).click();\n  }\n});\nproducts.getCheckout().click();\nPromise.all([checkOut.getAllPricesOfProducts(), checkOut.getTotalPrice()]).then(([calculatedTotal, displayedTotal]) => {\n  expect(calculatedTotal).to.eq(displayedTotal);\n  cy.log(calculatedTotal);\n  cy.log(displayedTotal);\n});\ncheckOut.getAllPricesOfProducts().then(calculatedTotal => {\n  checkOut.getTotalPrice().then(displayedTotal => {\n    // Now we compare the totals within a then to ensure they have both resolved\n    expect(calculatedTotal).to.eq(displayedTotal);\n    cy.log(`Calculated Total: ${calculatedTotal}`);\n    cy.log(`Displayed Total: ${displayedTotal}`);\n  });\n});\ncheckOut.getCheckoutButton().click();\ncheckOut.getCheckBox().click({\n  force: true\n});\ncheckOut.getDeliveryLocationField().type(this.data.home);\ncheckOut.getSuggesstions().each(($el, index, $list) => {\n  if ($el.text() === this.data.countryChecked) {\n    cy.wrap($el).click();\n  }\n});\ncheckOut.getPurchaseButton().click();\ncheckOut.getAlertMessage().contains('Success! Thank you! Your order will be delivered in next few weeks ');",
              "err": {
                "message": "CypressError: The following error originated from your test code, not from Cypress. It was caused by an unhandled promise rejection.\n\n  > Cypress detected that you returned a promise from a command while also invoking one or more cy commands in that promise.\n\nThe command that returned the promise was:\n\n  > `cy.click()`\n\nThe cy command you invoked inside the promise was:\n\n  > `cy.log()`\n\nBecause Cypress commands are already promise-like, you don't need to wrap them or return your own promise.\n\nCypress will resolve your command with whatever the final Cypress command yields.\n\nThe reason this is an error instead of a warning is because Cypress internally queues commands serially whereas Promises execute as soon as they are invoked. Attempting to reconcile this would prevent Cypress from ever resolving.\n\nWhen Cypress detects uncaught errors originating from your test code it will automatically fail the current test.\n\nhttps://on.cypress.io/returning-promise-and-commands-in-another-command",
                "estack": "CypressError: The following error originated from your test code, not from Cypress. It was caused by an unhandled promise rejection.\n\n  > Cypress detected that you returned a promise from a command while also invoking one or more cy commands in that promise.\n\nThe command that returned the promise was:\n\n  > `cy.click()`\n\nThe cy command you invoked inside the promise was:\n\n  > `cy.log()`\n\nBecause Cypress commands are already promise-like, you don't need to wrap them or return your own promise.\n\nCypress will resolve your command with whatever the final Cypress command yields.\n\nThe reason this is an error instead of a warning is because Cypress internally queues commands serially whereas Promises execute as soon as they are invoked. Attempting to reconcile this would prevent Cypress from ever resolving.\n\nWhen Cypress detects uncaught errors originating from your test code it will automatically fail the current test.\n\nhttps://on.cypress.io/returning-promise-and-commands-in-another-command\n    at cy.<computed> [as log] (https://rahulshettyacademy.com/__cypress/runner/cypress_runner.js:138447:64)\nFrom Your Spec Code:\n    at eval (webpack://cypress-automation-project/./cypress/integration/testcases/TestFrameWork2.js:99:12)",
                "diff": null
              },
              "uuid": "80fd529c-09bd-443d-b763-3dfd9b8fcc4b",
              "parentUUID": "af4f181b-7e8f-4ddd-b655-8b0b4ae5a733",
              "isHook": false,
              "skipped": false
            }
          ],
          "suites": [],
          "passes": [
            "1ffb2337-9edb-4a6e-9445-1c8a872a35da",
            "9bf0352c-2b99-4515-bfef-9eb6e49f6071",
            "d596933f-1b8b-4af1-9e40-7c97c71bd6d0"
          ],
          "failures": [
            "80fd529c-09bd-443d-b763-3dfd9b8fcc4b"
          ],
          "pending": [],
          "skipped": [],
          "duration": 17233,
          "root": false,
          "rootEmpty": false,
          "_timeout": 2000
        }
      ],
      "passes": [],
      "failures": [],
      "pending": [],
      "skipped": [],
      "duration": 0,
      "root": true,
      "rootEmpty": true,
      "_timeout": 2000
    }
  ],
  "meta": {
    "mocha": {
      "version": "7.0.1"
    },
    "mochawesome": {
      "options": {
        "quiet": false,
        "reportFilename": "mochawesome",
        "saveHtml": false,
        "saveJson": true,
        "consoleReporter": "spec",
        "useInlineDiffs": false,
        "code": true
      },
      "version": "7.1.3"
    },
    "marge": {
      "options": {
        "overwrite": false,
        "html": false,
        "json": true,
        "reportDir": "cypress\\reports\\html\\.jsons"
      },
      "version": "6.2.0"
    }
  }
}