{
  "stats": {
    "suites": 1,
    "tests": 1,
    "passes": 0,
    "pending": 0,
    "failures": 1,
    "start": "2024-05-25T16:35:54.798Z",
    "end": "2024-05-25T16:35:55.616Z",
    "duration": 818,
    "testsRegistered": 4,
    "passPercent": 0,
    "pendingPercent": 0,
    "other": 0,
    "hasOther": false,
    "skipped": 3,
    "hasSkipped": true
  },
  "results": [
    {
      "uuid": "c7229427-86cb-4209-9aa1-3236c2c87670",
      "title": "",
      "fullFile": "cypress\\integration\\testcases\\TestFrameWork2.js",
      "file": "cypress\\integration\\testcases\\TestFrameWork2.js",
      "beforeHooks": [],
      "afterHooks": [],
      "tests": [],
      "suites": [
        {
          "uuid": "1eae9e91-105b-4a99-ba26-3d84b451081f",
          "title": "My end to end Test Suite",
          "fullFile": "",
          "file": "",
          "beforeHooks": [],
          "afterHooks": [],
          "tests": [
            {
              "title": "Customer buy mobile",
              "fullTitle": "My end to end Test Suite Customer buy mobile",
              "timedOut": null,
              "duration": 408,
              "state": "failed",
              "speed": null,
              "pass": false,
              "fail": true,
              "pending": false,
              "context": "{\n  \"title\": \"cypress-mochawesome-reporter-screenshots\",\n  \"value\": [\n    [\n      \"\\\\TestFrameWork2.js\\\\My end to end Test Suite -- Customer buy mobile (failed).png\"\n    ],\n    [\n      \"\\\\TestFrameWork2.js\\\\My end to end Test Suite -- Customer buy mobile -- before each hook (failed) (attempt 2).png\"\n    ]\n  ]\n}",
              "code": "cy.contains('.nav-link', 'Shop').click();\nproducts.getItemsName().each(function ($el, index) {\n  if ($el.text().includes('Blackberry')) {\n    products.getAddButton().eq(index).click();\n  }\n});\nproducts.getCheckout().click();\ncheckOut.getCheckoutButton().click();\ncheckOut.getCheckBox().click({\n  force: true\n});\ncheckOut.getDeliveryLocationField().type(this.data.home);\ncheckOut.getPurchaseButton().click();\ncheckOut.getAlertMessage().contains('Success! Thank you! Your order will be delivered in next few weeks ');",
              "err": {
                "message": "CypressError: `cy.visit()` failed trying to load:\n\n[object%20Object]/angularpractice/\n\nWe failed looking for this file at the path:\n\n/TESTING/CypressTry2/LearningCypress/[object Object]/angularpractice/\n\nThe internal Cypress web server responded with:\n\n  > 404: Not Found\n\nBecause this error occurred during a `before each` hook we are skipping the remaining tests in the current suite: `My end to end Test Suite`",
                "estack": "CypressError: `cy.visit()` failed trying to load:\n\n[object%20Object]/angularpractice/\n\nWe failed looking for this file at the path:\n\n/TESTING/CypressTry2/LearningCypress/[object Object]/angularpractice/\n\nThe internal Cypress web server responded with:\n\n  > 404: Not Found\n\nBecause this error occurred during a `before each` hook we are skipping the remaining tests in the current suite: `My end to end Test Suite`\n    at <unknown> (http://localhost:60703/__cypress/runner/cypress_runner.js:131049:76)\n    at visitFailedByErr (http://localhost:60703/__cypress/runner/cypress_runner.js:130463:12)\n    at <unknown> (http://localhost:60703/__cypress/runner/cypress_runner.js:131032:13)\n    at tryCatcher (http://localhost:60703/__cypress/runner/cypress_runner.js:1807:23)\n    at Promise._settlePromiseFromHandler (http://localhost:60703/__cypress/runner/cypress_runner.js:1519:31)\n    at Promise._settlePromise (http://localhost:60703/__cypress/runner/cypress_runner.js:1576:18)\n    at Promise._settlePromise0 (http://localhost:60703/__cypress/runner/cypress_runner.js:1621:10)\n    at Promise._settlePromises (http://localhost:60703/__cypress/runner/cypress_runner.js:1697:18)\n    at _drainQueueStep (http://localhost:60703/__cypress/runner/cypress_runner.js:2407:12)\n    at _drainQueue (http://localhost:60703/__cypress/runner/cypress_runner.js:2400:9)\n    at Async._drainQueues (http://localhost:60703/__cypress/runner/cypress_runner.js:2416:5)\n    at Async.drainQueues (http://localhost:60703/__cypress/runner/cypress_runner.js:2286:14)\nFrom Your Spec Code:\n    at Context.eval (cypress/integration/testcases/TestFrameWork2.js:15:11)",
                "diff": null
              },
              "uuid": "de37860e-702b-44c5-ae5e-0f499bfb49e3",
              "parentUUID": "1eae9e91-105b-4a99-ba26-3d84b451081f",
              "isHook": false,
              "skipped": false
            },
            {
              "title": "Customer buy multiple mobiles",
              "fullTitle": "My end to end Test Suite Customer buy multiple mobiles",
              "timedOut": null,
              "duration": 0,
              "state": "skipped",
              "speed": null,
              "pass": false,
              "fail": false,
              "pending": false,
              "context": null,
              "code": "products.getshop().click();\nthis.data.productName.forEach(function (element) {\n  cy.selectProduct(element);\n});\nproducts.getCheckout().click();\ncheckOut.getCheckoutButton().click();\ncheckOut.getCheckBox().click({\n  force: true\n});\ncheckOut.getDeliveryLocationField().type(this.data.home);\ncheckOut.getPurchaseButton().click();\ncheckOut.getAlertMessage().contains('Success! Thank you! Your order will be delivered in next few weeks ');",
              "err": {},
              "uuid": "593f573f-ee43-4afa-bb78-f75183480b3e",
              "parentUUID": "1eae9e91-105b-4a99-ba26-3d84b451081f",
              "isHook": false,
              "skipped": true
            },
            {
              "title": "Customer buys mobile by Page object",
              "fullTitle": "My end to end Test Suite Customer buys mobile by Page object",
              "timedOut": null,
              "duration": 0,
              "state": "skipped",
              "speed": null,
              "pass": false,
              "fail": false,
              "pending": false,
              "context": null,
              "code": "var _this = this;\nCypress.config('defaultCommandTimeout', 9000);\nproducts.getshop().click();\nproducts.getItemsName().each(function ($el, index) {\n  if ($el.text().includes('Blackberry')) {\n    products.getAddButton().eq(index).click();\n  }\n});\nproducts.getCheckout().click();\ncheckOut.getCheckoutButton().click();\ncheckOut.getCheckBox().click({\n  force: true\n});\ncheckOut.getDeliveryLocationField().type(this.data.home);\ncheckOut.getSuggesstions().each(function ($el, index, $list) {\n  if ($el.text() === _this.data.countryChecked) {\n    cy.wrap($el).click();\n  }\n});\ncheckOut.getPurchaseButton().click();\ncheckOut.getAlertMessage().contains('Success! Thank you! Your order will be delivered in next few weeks ');",
              "err": {},
              "uuid": "29ea7f65-ad4c-411c-a60c-d491536c6aa1",
              "parentUUID": "1eae9e91-105b-4a99-ba26-3d84b451081f",
              "isHook": false,
              "skipped": true
            },
            {
              "title": "check the toatl of cost of items ",
              "fullTitle": "My end to end Test Suite check the toatl of cost of items ",
              "timedOut": null,
              "duration": 0,
              "state": "skipped",
              "speed": null,
              "pass": false,
              "fail": false,
              "pending": false,
              "context": null,
              "code": "var _this2 = this;\nCypress.config('defaultCommandTimeout', 9000);\nproducts.getshop().click();\nproducts.getItemsName().each(function ($el, index) {\n  if ($el.text().includes('Blackberry')) {\n    products.getAddButton().eq(index).click();\n  }\n  if ($el.text().includes('Blackberry')) {\n    products.getAddButton().eq(index).click();\n  }\n  if ($el.text().includes('iphone X')) {\n    products.getAddButton().eq(index).click();\n  }\n  if ($el.text().includes('iphone X')) {\n    products.getAddButton().eq(index).click();\n  }\n});\nproducts.getCheckout().click();\nPromise.all([checkOut.getAllPricesOfProducts(), checkOut.getTotalPrice()]).then(function (_ref) {\n  var _ref2 = (0, _slicedToArray2[\"default\"])(_ref, 2),\n    calculatedTotal = _ref2[0],\n    displayedTotal = _ref2[1];\n  expect(calculatedTotal).to.eq(displayedTotal);\n  cy.log(calculatedTotal);\n  cy.log(displayedTotal);\n});\ncheckOut.getAllPricesOfProducts().then(function (calculatedTotal) {\n  checkOut.getTotalPrice().then(function (displayedTotal) {\n    // Now we compare the totals within a then to ensure they have both resolved\n    expect(calculatedTotal).to.eq(displayedTotal);\n    cy.log(\"Calculated Total: \".concat(calculatedTotal));\n    cy.log(\"Displayed Total: \".concat(displayedTotal));\n  });\n});\ncheckOut.getCheckoutButton().click();\ncheckOut.getCheckBox().click({\n  force: true\n});\ncheckOut.getDeliveryLocationField().type(this.data.home);\ncheckOut.getSuggesstions().each(function ($el, index, $list) {\n  if ($el.text() === _this2.data.countryChecked) {\n    cy.wrap($el).click();\n  }\n});\ncheckOut.getPurchaseButton().click();\ncheckOut.getAlertMessage().contains('Success! Thank you! Your order will be delivered in next few weeks ');",
              "err": {},
              "uuid": "fbfd2b90-b18b-41ab-b2f7-85459a13eb31",
              "parentUUID": "1eae9e91-105b-4a99-ba26-3d84b451081f",
              "isHook": false,
              "skipped": true
            }
          ],
          "suites": [],
          "passes": [],
          "failures": [
            "de37860e-702b-44c5-ae5e-0f499bfb49e3"
          ],
          "pending": [],
          "skipped": [
            "593f573f-ee43-4afa-bb78-f75183480b3e",
            "29ea7f65-ad4c-411c-a60c-d491536c6aa1",
            "fbfd2b90-b18b-41ab-b2f7-85459a13eb31"
          ],
          "duration": 408,
          "root": false,
          "rootEmpty": false,
          "_timeout": 2000
        }
      ],
      "passes": [],
      "failures": [],
      "pending": [],
      "skipped": [],
      "duration": 0,
      "root": true,
      "rootEmpty": true,
      "_timeout": 2000
    }
  ],
  "meta": {
    "mocha": {
      "version": "7.0.1"
    },
    "mochawesome": {
      "options": {
        "quiet": false,
        "reportFilename": "mochawesome",
        "saveHtml": false,
        "saveJson": true,
        "consoleReporter": "spec",
        "useInlineDiffs": false,
        "code": true
      },
      "version": "7.1.3"
    },
    "marge": {
      "options": {
        "reportDir": "cypress\\reports\\.jsons",
        "charts": true,
        "reportPageTitle": "Test Report",
        "embeddedScreenshots": true,
        "inlineAssets": true,
        "overwrite": false,
        "html": false,
        "json": true
      },
      "version": "6.2.0"
    }
  }
}