{
  "stats": {
    "suites": 1,
    "tests": 2,
    "passes": 2,
    "pending": 0,
    "failures": 0,
    "start": "2024-05-25T16:31:22.396Z",
    "end": "2024-05-25T16:31:35.326Z",
    "duration": 12930,
    "testsRegistered": 2,
    "passPercent": 100,
    "pendingPercent": 0,
    "other": 0,
    "hasOther": false,
    "skipped": 0,
    "hasSkipped": false
  },
  "results": [
    {
      "uuid": "bad70133-7d1a-4758-9ac0-6d79c394f987",
      "title": "",
      "fullFile": "cypress\\integration\\testcases\\Calendars.js",
      "file": "cypress\\integration\\testcases\\Calendars.js",
      "beforeHooks": [],
      "afterHooks": [],
      "tests": [],
      "suites": [
        {
          "uuid": "a62878b0-1ed6-4c74-91c9-c6e8e28b0afe",
          "title": "My Calendars  Test Suite",
          "fullFile": "",
          "file": "",
          "beforeHooks": [],
          "afterHooks": [],
          "tests": [
            {
              "title": "practice iFrame ",
              "fullTitle": "My Calendars  Test Suite practice iFrame ",
              "timedOut": null,
              "duration": 4654,
              "state": "passed",
              "speed": "fast",
              "pass": true,
              "fail": false,
              "pending": false,
              "context": null,
              "code": "var monthName = \"August\";\nvar monthNumber = '8';\nvar year = \"2025\";\nvar day = \"10\";\nvar expectedList = [monthNumber, day, year];\ncy.visit(\"https://rahulshettyacademy.com/seleniumPractise/#/offers\");\ncy.get(\"button[class*='react-date-picker__calendar-button react-date-picker__button']\").click();\ncy.get(\"button[class*='react-calendar__navigation__label']\").click();\ncy.get(\"button[class*='react-calendar__navigation__label']\").click();\ncy.get(\" button[class*='react-calendar__decade-view__years__year']\").each(function ($el, index, $list) {\n  if ($el.text() === year) {\n    cy.wrap($el).click();\n  }\n});\ncy.get(\" button[class*='react-calendar__year-view__months__month']\").each(function ($el, index, $list) {\n  if ($el.text() === monthName) {\n    cy.wrap($el).click();\n  }\n});\ncy.get(\" button[class*='react-calendar__month-view__days__day']\").each(function ($el, index, $list) {\n  if ($el.text() === day) {\n    cy.wrap($el).click();\n  }\n});\ncy.wait(2000);\ncy.get(\".react-date-picker__inputGroup__input\").each(function ($el, index) {\n  cy.wrap($el).invoke('val').should('eq', expectedList[index]);\n});",
              "err": {},
              "uuid": "3aa93005-eb36-468d-9b35-6916b15af155",
              "parentUUID": "a62878b0-1ed6-4c74-91c9-c6e8e28b0afe",
              "isHook": false,
              "skipped": false
            },
            {
              "title": "Verify date selection",
              "fullTitle": "My Calendars  Test Suite Verify date selection",
              "timedOut": null,
              "duration": 5931,
              "state": "passed",
              "speed": "medium",
              "pass": true,
              "fail": false,
              "pending": false,
              "context": null,
              "code": "var monthNumber = \"6\";\nvar date = \"15\";\nvar year = \"2027\";\nvar expectedList = [monthNumber, date, year];\ncy.visit(\"https://rahulshettyacademy.com/seleniumPractise/#/offers\");\ncy.wait(5000);\ncy.get(\".react-date-picker__inputGroup\").click();\ncy.get(\".react-calendar__navigation__label\").click();\ncy.get(\".react-calendar__navigation__label\").click();\ncy.contains(\"button\", year).click();\ncy.get(\".react-calendar__year-view__months__month\").eq(Number(monthNumber) - 1).click();\ncy.contains(\"abbr\", date).click();\n//Assertion\ncy.get(\".react-date-picker__inputGroup__input\").each(function ($el, index) {\n  cy.wrap($el).invoke('val').should('eq', expectedList[index]);\n});",
              "err": {},
              "uuid": "09fad518-4014-4f39-a8f8-60ec12233c8b",
              "parentUUID": "a62878b0-1ed6-4c74-91c9-c6e8e28b0afe",
              "isHook": false,
              "skipped": false
            }
          ],
          "suites": [],
          "passes": [
            "3aa93005-eb36-468d-9b35-6916b15af155",
            "09fad518-4014-4f39-a8f8-60ec12233c8b"
          ],
          "failures": [],
          "pending": [],
          "skipped": [],
          "duration": 10585,
          "root": false,
          "rootEmpty": false,
          "_timeout": 2000
        }
      ],
      "passes": [],
      "failures": [],
      "pending": [],
      "skipped": [],
      "duration": 0,
      "root": true,
      "rootEmpty": true,
      "_timeout": 2000
    }
  ],
  "meta": {
    "mocha": {
      "version": "7.0.1"
    },
    "mochawesome": {
      "options": {
        "quiet": false,
        "reportFilename": "mochawesome",
        "saveHtml": false,
        "saveJson": true,
        "consoleReporter": "spec",
        "useInlineDiffs": false,
        "code": true
      },
      "version": "7.1.3"
    },
    "marge": {
      "options": {
        "reportDir": "cypress\\reports\\.jsons",
        "charts": true,
        "reportPageTitle": "Test Report",
        "embeddedScreenshots": true,
        "inlineAssets": true,
        "overwrite": false,
        "html": false,
        "json": true
      },
      "version": "6.2.0"
    }
  }
}