{
  "stats": {
    "suites": 1,
    "tests": 2,
    "passes": 2,
    "pending": 0,
    "failures": 0,
    "start": "2024-05-25T16:29:56.495Z",
    "end": "2024-05-25T16:30:11.516Z",
    "duration": 15021,
    "testsRegistered": 2,
    "passPercent": 100,
    "pendingPercent": 0,
    "other": 0,
    "hasOther": false,
    "skipped": 0,
    "hasSkipped": false
  },
  "results": [
    {
      "uuid": "ac83817b-7d0e-4813-a3a4-c7917ba13592",
      "title": "",
      "fullFile": "cypress\\integration\\testcases\\Howvers.js",
      "file": "cypress\\integration\\testcases\\Howvers.js",
      "beforeHooks": [],
      "afterHooks": [],
      "tests": [],
      "suites": [
        {
          "uuid": "e9379b7d-4582-4cef-9300-43563291125d",
          "title": "My Howvers by mouse Test Suite",
          "fullFile": "",
          "file": "",
          "beforeHooks": [],
          "afterHooks": [],
          "tests": [
            {
              "title": "Practice hover by mouse",
              "fullTitle": "My Howvers by mouse Test Suite Practice hover by mouse",
              "timedOut": null,
              "duration": 7855,
              "state": "passed",
              "speed": "medium",
              "pass": true,
              "fail": false,
              "pending": false,
              "context": null,
              "code": "cy.visit(\"https://rahulshettyacademy.com/AutomationPractice/\");\ncy.get(\"div.mouse-hover-content\").invoke(\"show\").then(function () {\n  cy.contains('Top').click();\n  cy.wait(2000); // Consider using a more deterministic wait condition if possible\n});\ncy.url().then(function (url) {\n  cy.log(url); // Logs the current URL\n  console.log(\"URL after navigation: \" + url); // Outputs the current URL to console\n});\ncy.url().should(\"include\", \"top\"); // Check that URL includes 'top'",
              "err": {},
              "uuid": "12774bd9-403d-4c6c-b751-9ab76cb162db",
              "parentUUID": "e9379b7d-4582-4cef-9300-43563291125d",
              "isHook": false,
              "skipped": false
            },
            {
              "title": "Practice hover by mouse part 2 ",
              "fullTitle": "My Howvers by mouse Test Suite Practice hover by mouse part 2 ",
              "timedOut": null,
              "duration": 4527,
              "state": "passed",
              "speed": "fast",
              "pass": true,
              "fail": false,
              "pending": false,
              "context": null,
              "code": "cy.visit(\"https://rahulshettyacademy.com/AutomationPractice/\");\ncy.contains('Top').click({\n  force: true\n});\ncy.wait(2000); // Consider using a more deterministic wait condition if possible\ncy.url().then(function (url) {\n  cy.log(url); // Logs the current URL\n  console.log(\"URL after navigation: \" + url); // Outputs the current URL to console\n});\ncy.url().should(\"include\", \"top\"); // Check that URL includes 'top'",
              "err": {},
              "uuid": "dbc335d7-0ff1-4d3e-a512-d2b0b810ec60",
              "parentUUID": "e9379b7d-4582-4cef-9300-43563291125d",
              "isHook": false,
              "skipped": false
            }
          ],
          "suites": [],
          "passes": [
            "12774bd9-403d-4c6c-b751-9ab76cb162db",
            "dbc335d7-0ff1-4d3e-a512-d2b0b810ec60"
          ],
          "failures": [],
          "pending": [],
          "skipped": [],
          "duration": 12382,
          "root": false,
          "rootEmpty": false,
          "_timeout": 2000
        }
      ],
      "passes": [],
      "failures": [],
      "pending": [],
      "skipped": [],
      "duration": 0,
      "root": true,
      "rootEmpty": true,
      "_timeout": 2000
    }
  ],
  "meta": {
    "mocha": {
      "version": "7.0.1"
    },
    "mochawesome": {
      "options": {
        "quiet": false,
        "reportFilename": "mochawesome",
        "saveHtml": false,
        "saveJson": true,
        "consoleReporter": "spec",
        "useInlineDiffs": false,
        "code": true
      },
      "version": "7.1.3"
    },
    "marge": {
      "options": {
        "reportDir": "cypress\\reports\\.jsons",
        "charts": true,
        "reportPageTitle": "Test Report",
        "embeddedScreenshots": true,
        "inlineAssets": true,
        "overwrite": false,
        "html": false,
        "json": true
      },
      "version": "6.2.0"
    }
  }
}