{
  "stats": {
    "suites": 1,
    "tests": 4,
    "passes": 0,
    "pending": 0,
    "failures": 4,
    "start": "2024-05-26T19:15:53.971Z",
    "end": "2024-05-26T19:16:56.634Z",
    "duration": 62663,
    "testsRegistered": 4,
    "passPercent": 0,
    "pendingPercent": 0,
    "other": 0,
    "hasOther": false,
    "skipped": 0,
    "hasSkipped": false
  },
  "results": [
    {
      "uuid": "7e4e951c-6b5c-462a-8845-bb93ef15c712",
      "title": "",
      "fullFile": "cypress\\integration\\testcases\\TestFrameWork2.js",
      "file": "cypress\\integration\\testcases\\TestFrameWork2.js",
      "beforeHooks": [],
      "afterHooks": [],
      "tests": [],
      "suites": [
        {
          "uuid": "06b98e79-2cc8-4708-8b67-6b18a70fbce3",
          "title": "My end to end Test Suite",
          "fullFile": "",
          "file": "",
          "beforeHooks": [],
          "afterHooks": [],
          "tests": [
            {
              "title": "Customer buy mobile",
              "fullTitle": "My end to end Test Suite Customer buy mobile",
              "timedOut": null,
              "duration": 6622,
              "state": "failed",
              "speed": null,
              "pass": false,
              "fail": true,
              "pending": false,
              "context": "{\n  \"title\": \"cypress-mochawesome-reporter-screenshots\",\n  \"value\": [\n    [\n      \"\\\\TestFrameWork2.js\\\\My end to end Test Suite -- Customer buy mobile (failed).png\"\n    ],\n    [\n      \"\\\\TestFrameWork2.js\\\\My end to end Test Suite -- Customer buy mobile (failed) (attempt 2).png\"\n    ]\n  ]\n}",
              "code": "cy.contains('.nav-link', 'Shop').click();\nproducts.getItemsName().each(function ($el, index) {\n  if ($el.text().includes('Blackberry')) {\n    products.getAddButton().eq(index).click();\n  }\n});\nproducts.getCheckout().click();\ncheckOut.getCheckoutButton().click();\ncheckOut.getCheckBox().click({\n  force: true\n});\ncheckOut.getDeliveryLocationField().type(this.data.home);\ncheckOut.getPurchaseButton().click();\ncheckOut.getAlertMessage().contains('Success! Thank you! Your order will be delivered in next few weeks ');",
              "err": {
                "message": "AssertionError: Timed out retrying after 6000ms: Expected to find content: 'Shop' within the selector: '.nav-link' but never did.",
                "estack": "AssertionError: Timed out retrying after 6000ms: Expected to find content: 'Shop' within the selector: '.nav-link' but never did.\n    at Context.eval (cypress/integration/testcases/TestFrameWork2.js:25:11)",
                "diff": null
              },
              "uuid": "418646f5-8a57-4cf1-be01-75128ba3e3b6",
              "parentUUID": "06b98e79-2cc8-4708-8b67-6b18a70fbce3",
              "isHook": false,
              "skipped": false
            },
            {
              "title": "Customer buy multiple mobiles",
              "fullTitle": "My end to end Test Suite Customer buy multiple mobiles",
              "timedOut": null,
              "duration": 6495,
              "state": "failed",
              "speed": null,
              "pass": false,
              "fail": true,
              "pending": false,
              "context": "{\n  \"title\": \"cypress-mochawesome-reporter-screenshots\",\n  \"value\": [\n    [\n      \"\\\\TestFrameWork2.js\\\\My end to end Test Suite -- Customer buy multiple mobiles (failed).png\"\n    ],\n    [\n      \"\\\\TestFrameWork2.js\\\\My end to end Test Suite -- Customer buy multiple mobiles (failed) (attempt 2).png\"\n    ]\n  ]\n}",
              "code": "products.getshop().click();\nthis.data.productName.forEach(function (element) {\n  cy.selectProduct(element);\n});\nproducts.getCheckout().click();\ncheckOut.getCheckoutButton().click();\ncheckOut.getCheckBox().click({\n  force: true\n});\ncheckOut.getDeliveryLocationField().type(this.data.home);\ncheckOut.getPurchaseButton().click();\ncheckOut.getAlertMessage().contains('Success! Thank you! Your order will be delivered in next few weeks ');",
              "err": {
                "message": "AssertionError: Timed out retrying after 6000ms: Expected to find content: 'Shop' within the selector: '.nav-link' but never did.",
                "estack": "AssertionError: Timed out retrying after 6000ms: Expected to find content: 'Shop' within the selector: '.nav-link' but never did.\n    at Products.getshop (cypress/integration/pageObject/Products.js:4:19)\n    at Context.eval (cypress/integration/testcases/TestFrameWork2.js:40:17)",
                "diff": null
              },
              "uuid": "8eebc97f-2414-4692-903a-90bd6d306a8f",
              "parentUUID": "06b98e79-2cc8-4708-8b67-6b18a70fbce3",
              "isHook": false,
              "skipped": false
            },
            {
              "title": "Customer buys mobile by Page object",
              "fullTitle": "My end to end Test Suite Customer buys mobile by Page object",
              "timedOut": null,
              "duration": 9568,
              "state": "failed",
              "speed": null,
              "pass": false,
              "fail": true,
              "pending": false,
              "context": "{\n  \"title\": \"cypress-mochawesome-reporter-screenshots\",\n  \"value\": [\n    [\n      \"\\\\TestFrameWork2.js\\\\My end to end Test Suite -- Customer buys mobile by Page object (failed).png\"\n    ],\n    [\n      \"\\\\TestFrameWork2.js\\\\My end to end Test Suite -- Customer buys mobile by Page object (failed) (attempt 2).png\"\n    ]\n  ]\n}",
              "code": "var _this = this;\nCypress.config('defaultCommandTimeout', 9000);\nproducts.getshop().click();\nproducts.getItemsName().each(function ($el, index) {\n  if ($el.text().includes('Blackberry')) {\n    products.getAddButton().eq(index).click();\n  }\n});\nproducts.getCheckout().click();\ncheckOut.getCheckoutButton().click();\ncheckOut.getCheckBox().click({\n  force: true\n});\ncheckOut.getDeliveryLocationField().type(this.data.home);\ncheckOut.getSuggesstions().each(function ($el, index, $list) {\n  if ($el.text() === _this.data.countryChecked) {\n    cy.wrap($el).click();\n  }\n});\ncheckOut.getPurchaseButton().click();\ncheckOut.getAlertMessage().contains('Success! Thank you! Your order will be delivered in next few weeks ');",
              "err": {
                "message": "AssertionError: Timed out retrying after 9000ms: Expected to find content: 'Shop' within the selector: '.nav-link' but never did.",
                "estack": "AssertionError: Timed out retrying after 9000ms: Expected to find content: 'Shop' within the selector: '.nav-link' but never did.\n    at Products.getshop (cypress/integration/pageObject/Products.js:4:19)\n    at Context.eval (cypress/integration/testcases/TestFrameWork2.js:56:17)",
                "diff": null
              },
              "uuid": "4dddedd6-f274-4527-92f6-08229c86e9dd",
              "parentUUID": "06b98e79-2cc8-4708-8b67-6b18a70fbce3",
              "isHook": false,
              "skipped": false
            },
            {
              "title": "check the toatl of cost of items ",
              "fullTitle": "My end to end Test Suite check the toatl of cost of items ",
              "timedOut": null,
              "duration": 9560,
              "state": "failed",
              "speed": null,
              "pass": false,
              "fail": true,
              "pending": false,
              "context": "{\n  \"title\": \"cypress-mochawesome-reporter-screenshots\",\n  \"value\": [\n    [\n      \"\\\\TestFrameWork2.js\\\\My end to end Test Suite -- check the toatl of cost of items (failed).png\"\n    ],\n    [\n      \"\\\\TestFrameWork2.js\\\\My end to end Test Suite -- check the toatl of cost of items (failed) (attempt 2).png\"\n    ]\n  ]\n}",
              "code": "var _this2 = this;\nCypress.config('defaultCommandTimeout', 9000);\nproducts.getshop().click();\nproducts.getItemsName().each(function ($el, index) {\n  if ($el.text().includes('Blackberry')) {\n    products.getAddButton().eq(index).click();\n  }\n  if ($el.text().includes('Blackberry')) {\n    products.getAddButton().eq(index).click();\n  }\n  if ($el.text().includes('iphone X')) {\n    products.getAddButton().eq(index).click();\n  }\n  if ($el.text().includes('iphone X')) {\n    products.getAddButton().eq(index).click();\n  }\n});\nproducts.getCheckout().click();\nPromise.all([checkOut.getAllPricesOfProducts(), checkOut.getTotalPrice()]).then(function (_ref) {\n  var _ref2 = (0, _slicedToArray2[\"default\"])(_ref, 2),\n    calculatedTotal = _ref2[0],\n    displayedTotal = _ref2[1];\n  expect(calculatedTotal).to.eq(displayedTotal);\n  cy.log(calculatedTotal);\n  cy.log(displayedTotal);\n});\ncheckOut.getAllPricesOfProducts().then(function (calculatedTotal) {\n  checkOut.getTotalPrice().then(function (displayedTotal) {\n    // Now we compare the totals within a then to ensure they have both resolved\n    expect(calculatedTotal).to.eq(displayedTotal);\n    cy.log(\"Calculated Total: \".concat(calculatedTotal));\n    cy.log(\"Displayed Total: \".concat(displayedTotal));\n  });\n});\ncheckOut.getCheckoutButton().click();\ncheckOut.getCheckBox().click({\n  force: true\n});\ncheckOut.getDeliveryLocationField().type(this.data.home);\ncheckOut.getSuggesstions().each(function ($el, index, $list) {\n  if ($el.text() === _this2.data.countryChecked) {\n    cy.wrap($el).click();\n  }\n});\ncheckOut.getPurchaseButton().click();\ncheckOut.getAlertMessage().contains('Success! Thank you! Your order will be delivered in next few weeks ');",
              "err": {
                "message": "AssertionError: Timed out retrying after 9000ms: Expected to find content: 'Shop' within the selector: '.nav-link' but never did.",
                "estack": "AssertionError: Timed out retrying after 9000ms: Expected to find content: 'Shop' within the selector: '.nav-link' but never did.\n    at Products.getshop (cypress/integration/pageObject/Products.js:4:19)\n    at Context.eval (cypress/integration/testcases/TestFrameWork2.js:80:17)",
                "diff": null
              },
              "uuid": "82b23eb6-c229-4817-ac42-7a82659f1a8a",
              "parentUUID": "06b98e79-2cc8-4708-8b67-6b18a70fbce3",
              "isHook": false,
              "skipped": false
            }
          ],
          "suites": [],
          "passes": [],
          "failures": [
            "418646f5-8a57-4cf1-be01-75128ba3e3b6",
            "8eebc97f-2414-4692-903a-90bd6d306a8f",
            "4dddedd6-f274-4527-92f6-08229c86e9dd",
            "82b23eb6-c229-4817-ac42-7a82659f1a8a"
          ],
          "pending": [],
          "skipped": [],
          "duration": 32245,
          "root": false,
          "rootEmpty": false,
          "_timeout": 2000
        }
      ],
      "passes": [],
      "failures": [],
      "pending": [],
      "skipped": [],
      "duration": 0,
      "root": true,
      "rootEmpty": true,
      "_timeout": 2000
    }
  ],
  "meta": {
    "mocha": {
      "version": "7.0.1"
    },
    "mochawesome": {
      "options": {
        "quiet": false,
        "reportFilename": "mochawesome",
        "saveHtml": false,
        "saveJson": true,
        "consoleReporter": "spec",
        "useInlineDiffs": false,
        "code": true
      },
      "version": "7.1.3"
    },
    "marge": {
      "options": {
        "reportDir": "cypress\\reports\\.jsons",
        "charts": true,
        "reportPageTitle": "Test Report",
        "embeddedScreenshots": true,
        "inlineAssets": true,
        "overwrite": false,
        "html": false,
        "json": true
      },
      "version": "6.2.0"
    }
  }
}