{
  "stats": {
    "suites": 1,
    "tests": 4,
    "passes": 4,
    "pending": 0,
    "failures": 0,
    "start": "2024-05-25T16:28:30.494Z",
    "end": "2024-05-25T16:29:12.326Z",
    "duration": 41832,
    "testsRegistered": 4,
    "passPercent": 100,
    "pendingPercent": 0,
    "other": 0,
    "hasOther": false,
    "skipped": 0,
    "hasSkipped": false
  },
  "results": [
    {
      "uuid": "f16f8799-b1ab-41b3-829a-ed79b78f8c4b",
      "title": "",
      "fullFile": "cypress\\integration\\testcases\\Buttons.js",
      "file": "cypress\\integration\\testcases\\Buttons.js",
      "beforeHooks": [],
      "afterHooks": [],
      "tests": [],
      "suites": [
        {
          "uuid": "af521dcd-05d1-4a41-b881-85987969a623",
          "title": "My button Test Suite",
          "fullFile": "",
          "file": "",
          "beforeHooks": [],
          "afterHooks": [],
          "tests": [
            {
              "title": "practice radio button ",
              "fullTitle": "My button Test Suite practice radio button ",
              "timedOut": null,
              "duration": 11761,
              "state": "passed",
              "speed": "slow",
              "pass": true,
              "fail": false,
              "pending": false,
              "context": null,
              "code": "cy.visit(\"https://rahulshettyacademy.com/AutomationPractice/\");\ncy.get(\"#checkBoxOption1\").check().should(\"be.checked\").and('have.value', \"option1\");\ncy.get(\"#checkBoxOption1\").uncheck().should(\"not.be.checked\");\n// to check all element of radio button\ncy.get(\"input[type=checkbox]\").check();\ncy.get(\"input[type=checkbox]\").uncheck();\n// to check specific element \ncy.get(\"input[type=checkbox]\").check([\"option1\", \"option2\"]);\ncy.wait(5000); // Waits for 1000 milliseconds (5 second)",
              "err": {},
              "uuid": "5f8887d4-149b-4d31-bcf3-3d36fb0c0323",
              "parentUUID": "af521dcd-05d1-4a41-b881-85987969a623",
              "isHook": false,
              "skipped": false
            },
            {
              "title": "practice static button ",
              "fullTitle": "My button Test Suite practice static button ",
              "timedOut": null,
              "duration": 10256,
              "state": "passed",
              "speed": "slow",
              "pass": true,
              "fail": false,
              "pending": false,
              "context": null,
              "code": "cy.visit(\"https://rahulshettyacademy.com/AutomationPractice/\");\n// Assuming the correct value is \"option2\" as per your HTML\ncy.get('select').select('option2').should('have.value', 'option2');\ncy.wait(5000); // Waits for 1000 milliseconds (5 second)\ncy.get(\"#autocomplete\").type(\"eg\");\ncy.get(\".ui-menu-item div\");\n// for each element to found the text \n/**\n * it use to retrieve  all options then choose what word you search for it\n */\ncy.get(\".ui-menu-item div\").each(function ($el, index, $list) {\n  if ($el.text() === \"Egypt\") {\n    cy.wrap($el).click();\n  }\n});\ncy.get(\"#autocomplete\").should('have.value', \"Egypt\");\ncy.get(\"#displayed-text\").should(\"be.visible\");\ncy.get(\"#hide-textbox\").click();\ncy.get(\"#displayed-text\").should(\"not.be.visible\");\ncy.get(\"#show-textbox\").click();\ncy.get(\"#displayed-text\").should(\"be.visible\");\n// radio button \ncy.get(\"[value = radio2]\").check();",
              "err": {},
              "uuid": "c5d240e3-1539-47a1-8c47-e1ca5936df9f",
              "parentUUID": "af521dcd-05d1-4a41-b881-85987969a623",
              "isHook": false,
              "skipped": false
            },
            {
              "title": "practice alert button ",
              "fullTitle": "My button Test Suite practice alert button ",
              "timedOut": null,
              "duration": 7080,
              "state": "passed",
              "speed": "medium",
              "pass": true,
              "fail": false,
              "pending": false,
              "context": null,
              "code": "cy.visit(\"https://rahulshettyacademy.com/AutomationPractice/\");\ncy.get(\"#alertbtn\").click();\ncy.on(\"window:alert\", function (str) {\n  expect(str).to.be.equal(\"Hello , share this practice page and share your knowledge\");\n});\ncy.get(\"#confirmbtn\").click();\ncy.on(\"window:confirm\", function (str) {\n  expect(str).to.be.equal(\"Hello , Are you sure you want to confirm?\");\n});\ncy.wait(3000);\ncy.get(\"#confirmbtn\").click();\n// to cancel the pop \ncy.on(\"window:confirm\", function (str) {\n  expect(str).to.be.equal(\"Hello , Are you sure you want to confirm?\");\n  return false; // Cancel the confirmation dialog\n});",
              "err": {},
              "uuid": "64fad706-49cd-4122-9c19-bfc51651aada",
              "parentUUID": "af521dcd-05d1-4a41-b881-85987969a623",
              "isHook": false,
              "skipped": false
            },
            {
              "title": "practice auto complete button ",
              "fullTitle": "My button Test Suite practice auto complete button ",
              "timedOut": null,
              "duration": 9180,
              "state": "passed",
              "speed": "medium",
              "pass": true,
              "fail": false,
              "pending": false,
              "context": null,
              "code": "cy.visit(\"https://rahulshettyacademy.com/AutomationPractice/\");\n// Assuming the correct value is \"option2\" as per your HTML\ncy.get('select').select('option2').should('have.value', 'option2');\ncy.wait(5000); // Waits for 1000 milliseconds (5 second)\ncy.get(\"#autocomplete\").type(\"eg\");\ncy.get(\".ui-menu-item div\");\n// for each element to found the text \n/**\n * it use to retrieve  all options then choose what word you search for it\n */\ncy.get(\".ui-menu-item div\").each(function ($el, index, $list) {\n  if ($el.text() === \"Egypt\") {\n    cy.wrap($el).click();\n  }\n});\ncy.get(\"#autocomplete\").should('have.value', \"Egypt\");\ncy.get(\"#displayed-text\").should(\"be.visible\");\ncy.get(\"#hide-textbox\").click();\ncy.get(\"#displayed-text\").should(\"not.be.visible\");\ncy.get(\"#show-textbox\").click();\ncy.get(\"#displayed-text\").should(\"be.visible\");\n// radio button \ncy.get(\"[value = radio2]\").check();",
              "err": {},
              "uuid": "dd0d1b4c-1e61-4b16-942d-0df14e2712b2",
              "parentUUID": "af521dcd-05d1-4a41-b881-85987969a623",
              "isHook": false,
              "skipped": false
            }
          ],
          "suites": [],
          "passes": [
            "5f8887d4-149b-4d31-bcf3-3d36fb0c0323",
            "c5d240e3-1539-47a1-8c47-e1ca5936df9f",
            "64fad706-49cd-4122-9c19-bfc51651aada",
            "dd0d1b4c-1e61-4b16-942d-0df14e2712b2"
          ],
          "failures": [],
          "pending": [],
          "skipped": [],
          "duration": 38277,
          "root": false,
          "rootEmpty": false,
          "_timeout": 2000
        }
      ],
      "passes": [],
      "failures": [],
      "pending": [],
      "skipped": [],
      "duration": 0,
      "root": true,
      "rootEmpty": true,
      "_timeout": 2000
    }
  ],
  "meta": {
    "mocha": {
      "version": "7.0.1"
    },
    "mochawesome": {
      "options": {
        "quiet": false,
        "reportFilename": "mochawesome",
        "saveHtml": false,
        "saveJson": true,
        "consoleReporter": "spec",
        "useInlineDiffs": false,
        "code": true
      },
      "version": "7.1.3"
    },
    "marge": {
      "options": {
        "reportDir": "cypress\\reports\\.jsons",
        "charts": true,
        "reportPageTitle": "Test Report",
        "embeddedScreenshots": true,
        "inlineAssets": true,
        "overwrite": false,
        "html": false,
        "json": true
      },
      "version": "6.2.0"
    }
  }
}