{
  "stats": {
    "suites": 1,
    "tests": 1,
    "passes": 0,
    "pending": 0,
    "failures": 1,
    "start": "2024-05-26T19:26:48.324Z",
    "end": "2024-05-26T19:26:49.428Z",
    "duration": 1104,
    "testsRegistered": 4,
    "passPercent": 0,
    "pendingPercent": 0,
    "other": 0,
    "hasOther": false,
    "skipped": 3,
    "hasSkipped": true
  },
  "results": [
    {
      "uuid": "f1845772-cfa1-4a06-a596-f54cbe7a61fb",
      "title": "",
      "fullFile": "cypress\\integration\\testcases\\TestFrameWork2.js",
      "file": "cypress\\integration\\testcases\\TestFrameWork2.js",
      "beforeHooks": [],
      "afterHooks": [],
      "tests": [],
      "suites": [
        {
          "uuid": "ced06f20-0297-40cb-807a-20ccc3919f25",
          "title": "My end to end Test Suite",
          "fullFile": "",
          "file": "",
          "beforeHooks": [],
          "afterHooks": [],
          "tests": [
            {
              "title": "Customer buy mobile",
              "fullTitle": "My end to end Test Suite Customer buy mobile",
              "timedOut": null,
              "duration": 429,
              "state": "failed",
              "speed": null,
              "pass": false,
              "fail": true,
              "pending": false,
              "context": "{\n  \"title\": \"cypress-mochawesome-reporter-screenshots\",\n  \"value\": [\n    [\n      \"\\\\TestFrameWork2.js\\\\My end to end Test Suite -- Customer buy mobile (failed).png\"\n    ],\n    [\n      \"\\\\TestFrameWork2.js\\\\My end to end Test Suite -- Customer buy mobile -- before each hook (failed) (attempt 2).png\"\n    ]\n  ]\n}",
              "code": "cy.contains('.nav-link', 'Shop').click();\nproducts.getItemsName().each(function ($el, index) {\n  if ($el.text().includes('Blackberry')) {\n    products.getAddButton().eq(index).click();\n  }\n});\nproducts.getCheckout().click();\ncheckOut.getCheckoutButton().click();\ncheckOut.getCheckBox().click({\n  force: true\n});\ncheckOut.getDeliveryLocationField().type(this.data.home);\ncheckOut.getPurchaseButton().click();\ncheckOut.getAlertMessage().contains('Success! Thank you! Your order will be delivered in next few weeks ');",
              "err": {
                "message": "CypressError: `cy.visit()` failed trying to load:\n\nhttps://example2.com/angularpractice/\n\nThe response we received from your web server was:\n\n  > 403: Forbidden\n\nThis was considered a failure because the status code was not `2xx`.\n\nIf you do not want status codes to cause failures pass the option: `failOnStatusCode: false`\n\nBecause this error occurred during a `before each` hook we are skipping the remaining tests in the current suite: `My end to end Test Suite`",
                "estack": "CypressError: `cy.visit()` failed trying to load:\n\nhttps://example2.com/angularpractice/\n\nThe response we received from your web server was:\n\n  > 403: Forbidden\n\nThis was considered a failure because the status code was not `2xx`.\n\nIf you do not want status codes to cause failures pass the option: `failOnStatusCode: false`\n\nBecause this error occurred during a `before each` hook we are skipping the remaining tests in the current suite: `My end to end Test Suite`\n    at <unknown> (https://example2.com/__cypress/runner/cypress_runner.js:131049:76)\n    at visitFailedByErr (https://example2.com/__cypress/runner/cypress_runner.js:130463:12)\n    at <unknown> (https://example2.com/__cypress/runner/cypress_runner.js:131032:13)\n    at tryCatcher (https://example2.com/__cypress/runner/cypress_runner.js:1807:23)\n    at Promise._settlePromiseFromHandler (https://example2.com/__cypress/runner/cypress_runner.js:1519:31)\n    at Promise._settlePromise (https://example2.com/__cypress/runner/cypress_runner.js:1576:18)\n    at Promise._settlePromise0 (https://example2.com/__cypress/runner/cypress_runner.js:1621:10)\n    at Promise._settlePromises (https://example2.com/__cypress/runner/cypress_runner.js:1697:18)\n    at _drainQueueStep (https://example2.com/__cypress/runner/cypress_runner.js:2407:12)\n    at _drainQueue (https://example2.com/__cypress/runner/cypress_runner.js:2400:9)\n    at Async._drainQueues (https://example2.com/__cypress/runner/cypress_runner.js:2416:5)\n    at Async.drainQueues (https://example2.com/__cypress/runner/cypress_runner.js:2286:14)\nFrom Your Spec Code:\n    at Context.eval (cypress/integration/testcases/TestFrameWork2.js:18:10)",
                "diff": null
              },
              "uuid": "937d12f7-4322-4921-ba83-eee7abd88f7a",
              "parentUUID": "ced06f20-0297-40cb-807a-20ccc3919f25",
              "isHook": false,
              "skipped": false
            },
            {
              "title": "Customer buy multiple mobiles",
              "fullTitle": "My end to end Test Suite Customer buy multiple mobiles",
              "timedOut": null,
              "duration": 0,
              "state": "skipped",
              "speed": null,
              "pass": false,
              "fail": false,
              "pending": false,
              "context": null,
              "code": "products.getshop().click();\nthis.data.productName.forEach(function (element) {\n  cy.selectProduct(element);\n});\nproducts.getCheckout().click();\ncheckOut.getCheckoutButton().click();\ncheckOut.getCheckBox().click({\n  force: true\n});\ncheckOut.getDeliveryLocationField().type(this.data.home);\ncheckOut.getPurchaseButton().click();\ncheckOut.getAlertMessage().contains('Success! Thank you! Your order will be delivered in next few weeks ');",
              "err": {},
              "uuid": "a5286aa8-2300-482d-9f63-e05f0c64baa1",
              "parentUUID": "ced06f20-0297-40cb-807a-20ccc3919f25",
              "isHook": false,
              "skipped": true
            },
            {
              "title": "Customer buys mobile by Page object",
              "fullTitle": "My end to end Test Suite Customer buys mobile by Page object",
              "timedOut": null,
              "duration": 0,
              "state": "skipped",
              "speed": null,
              "pass": false,
              "fail": false,
              "pending": false,
              "context": null,
              "code": "var _this = this;\nCypress.config('defaultCommandTimeout', 9000);\nproducts.getshop().click();\nproducts.getItemsName().each(function ($el, index) {\n  if ($el.text().includes('Blackberry')) {\n    products.getAddButton().eq(index).click();\n  }\n});\nproducts.getCheckout().click();\ncheckOut.getCheckoutButton().click();\ncheckOut.getCheckBox().click({\n  force: true\n});\ncheckOut.getDeliveryLocationField().type(this.data.home);\ncheckOut.getSuggesstions().each(function ($el, index, $list) {\n  if ($el.text() === _this.data.countryChecked) {\n    cy.wrap($el).click();\n  }\n});\ncheckOut.getPurchaseButton().click();\ncheckOut.getAlertMessage().contains('Success! Thank you! Your order will be delivered in next few weeks ');",
              "err": {},
              "uuid": "08c91e00-a91e-451c-8704-f62eed5e8579",
              "parentUUID": "ced06f20-0297-40cb-807a-20ccc3919f25",
              "isHook": false,
              "skipped": true
            },
            {
              "title": "check the toatl of cost of items ",
              "fullTitle": "My end to end Test Suite check the toatl of cost of items ",
              "timedOut": null,
              "duration": 0,
              "state": "skipped",
              "speed": null,
              "pass": false,
              "fail": false,
              "pending": false,
              "context": null,
              "code": "var _this2 = this;\nCypress.config('defaultCommandTimeout', 9000);\nproducts.getshop().click();\nproducts.getItemsName().each(function ($el, index) {\n  if ($el.text().includes('Blackberry')) {\n    products.getAddButton().eq(index).click();\n  }\n  if ($el.text().includes('Blackberry')) {\n    products.getAddButton().eq(index).click();\n  }\n  if ($el.text().includes('iphone X')) {\n    products.getAddButton().eq(index).click();\n  }\n  if ($el.text().includes('iphone X')) {\n    products.getAddButton().eq(index).click();\n  }\n});\nproducts.getCheckout().click();\nPromise.all([checkOut.getAllPricesOfProducts(), checkOut.getTotalPrice()]).then(function (_ref) {\n  var _ref2 = (0, _slicedToArray2[\"default\"])(_ref, 2),\n    calculatedTotal = _ref2[0],\n    displayedTotal = _ref2[1];\n  expect(calculatedTotal).to.eq(displayedTotal);\n  cy.log(calculatedTotal);\n  cy.log(displayedTotal);\n});\ncheckOut.getAllPricesOfProducts().then(function (calculatedTotal) {\n  checkOut.getTotalPrice().then(function (displayedTotal) {\n    // Now we compare the totals within a then to ensure they have both resolved\n    expect(calculatedTotal).to.eq(displayedTotal);\n    cy.log(\"Calculated Total: \".concat(calculatedTotal));\n    cy.log(\"Displayed Total: \".concat(displayedTotal));\n  });\n});\ncheckOut.getCheckoutButton().click();\ncheckOut.getCheckBox().click({\n  force: true\n});\ncheckOut.getDeliveryLocationField().type(this.data.home);\ncheckOut.getSuggesstions().each(function ($el, index, $list) {\n  if ($el.text() === _this2.data.countryChecked) {\n    cy.wrap($el).click();\n  }\n});\ncheckOut.getPurchaseButton().click();\ncheckOut.getAlertMessage().contains('Success! Thank you! Your order will be delivered in next few weeks ');",
              "err": {},
              "uuid": "e05dd6b6-86fc-48ae-a0e4-0d72f2ec8c79",
              "parentUUID": "ced06f20-0297-40cb-807a-20ccc3919f25",
              "isHook": false,
              "skipped": true
            }
          ],
          "suites": [],
          "passes": [],
          "failures": [
            "937d12f7-4322-4921-ba83-eee7abd88f7a"
          ],
          "pending": [],
          "skipped": [
            "a5286aa8-2300-482d-9f63-e05f0c64baa1",
            "08c91e00-a91e-451c-8704-f62eed5e8579",
            "e05dd6b6-86fc-48ae-a0e4-0d72f2ec8c79"
          ],
          "duration": 429,
          "root": false,
          "rootEmpty": false,
          "_timeout": 2000
        }
      ],
      "passes": [],
      "failures": [],
      "pending": [],
      "skipped": [],
      "duration": 0,
      "root": true,
      "rootEmpty": true,
      "_timeout": 2000
    }
  ],
  "meta": {
    "mocha": {
      "version": "7.0.1"
    },
    "mochawesome": {
      "options": {
        "quiet": false,
        "reportFilename": "mochawesome",
        "saveHtml": false,
        "saveJson": true,
        "consoleReporter": "spec",
        "useInlineDiffs": false,
        "code": true
      },
      "version": "7.1.3"
    },
    "marge": {
      "options": {
        "reportDir": "cypress\\reports\\.jsons",
        "charts": true,
        "reportPageTitle": "Test Report",
        "embeddedScreenshots": true,
        "inlineAssets": true,
        "overwrite": false,
        "html": false,
        "json": true
      },
      "version": "6.2.0"
    }
  }
}