{
  "stats": {
    "suites": 1,
    "tests": 1,
    "passes": 1,
    "pending": 0,
    "failures": 0,
    "start": "2024-05-25T16:29:30.854Z",
    "end": "2024-05-25T16:29:37.760Z",
    "duration": 6906,
    "testsRegistered": 1,
    "passPercent": 100,
    "pendingPercent": 0,
    "other": 0,
    "hasOther": false,
    "skipped": 0,
    "hasSkipped": false
  },
  "results": [
    {
      "uuid": "faed93f5-7ff1-40f2-b82a-500e0e958a38",
      "title": "",
      "fullFile": "cypress\\integration\\testcases\\courseCode.js",
      "file": "cypress\\integration\\testcases\\courseCode.js",
      "beforeHooks": [],
      "afterHooks": [],
      "tests": [],
      "suites": [
        {
          "uuid": "328773a2-4e1c-4dd9-b2a3-c1a658708a15",
          "title": "My First Test Suite",
          "fullFile": "",
          "file": "",
          "beforeHooks": [],
          "afterHooks": [],
          "tests": [
            {
              "title": "My FirstTest case",
              "fullTitle": "My First Test Suite My FirstTest case",
              "timedOut": null,
              "duration": 4590,
              "state": "passed",
              "speed": "fast",
              "pass": true,
              "fail": false,
              "pending": false,
              "context": null,
              "code": "cy.visit(\"https://rahulshettyacademy.com/seleniumPractise/#/\");\ncy.get('.search-keyword').type('ca');\ncy.wait(2000);\n//selenium get hit url in browser, cypress get acts like findElement of selenium\ncy.get('.product').should('have.length', 5);\ncy.get('.product:visible').should('have.length', 4);\n//Parent child chaining\ncy.get('.products').as('productLocator');\ncy.get('@productLocator').find('.product').should('have.length', 4);\ncy.get(':nth-child(3) > .product-action > button').click();\ncy.get('@productLocator').find('.product').eq(0).contains('ADD TO CART').click().then(function () {\n  console.log('sf');\n});\ncy.get('@productLocator').find('.product').each(function ($el, index, $list) {\n  var textVeg = $el.find('h4.product-name').text();\n  if (textVeg.includes('Cashews')) {\n    $el.find('button').click();\n  }\n});\n//assert if logo text is correctly displayed\ncy.get('.brand').should('have.text', 'GREENKART');\n//this is to print in logs\ncy.get('.brand').then(function (logoelement) {\n  cy.log(logoelement.text());\n});\n//const logo=cy.get('.brand')\n//cy.log(cy.get('.brand').text())\n// cy.log(logo.text()) \n//fixture",
              "err": {},
              "uuid": "7ea63b70-ea84-4ff2-9016-7b0747bf1f5a",
              "parentUUID": "328773a2-4e1c-4dd9-b2a3-c1a658708a15",
              "isHook": false,
              "skipped": false
            }
          ],
          "suites": [],
          "passes": [
            "7ea63b70-ea84-4ff2-9016-7b0747bf1f5a"
          ],
          "failures": [],
          "pending": [],
          "skipped": [],
          "duration": 4590,
          "root": false,
          "rootEmpty": false,
          "_timeout": 2000
        }
      ],
      "passes": [],
      "failures": [],
      "pending": [],
      "skipped": [],
      "duration": 0,
      "root": true,
      "rootEmpty": true,
      "_timeout": 2000
    }
  ],
  "meta": {
    "mocha": {
      "version": "7.0.1"
    },
    "mochawesome": {
      "options": {
        "quiet": false,
        "reportFilename": "mochawesome",
        "saveHtml": false,
        "saveJson": true,
        "consoleReporter": "spec",
        "useInlineDiffs": false,
        "code": true
      },
      "version": "7.1.3"
    },
    "marge": {
      "options": {
        "reportDir": "cypress\\reports\\.jsons",
        "charts": true,
        "reportPageTitle": "Test Report",
        "embeddedScreenshots": true,
        "inlineAssets": true,
        "overwrite": false,
        "html": false,
        "json": true
      },
      "version": "6.2.0"
    }
  }
}