{
  "stats": {
    "suites": 1,
    "tests": 1,
    "passes": 0,
    "pending": 0,
    "failures": 1,
    "start": "2024-05-25T16:29:39.445Z",
    "end": "2024-05-25T16:29:54.840Z",
    "duration": 15395,
    "testsRegistered": 1,
    "passPercent": 0,
    "pendingPercent": 0,
    "other": 0,
    "hasOther": false,
    "skipped": 0,
    "hasSkipped": false
  },
  "results": [
    {
      "uuid": "a2651d55-3008-47d9-9299-909dfd5fb894",
      "title": "",
      "fullFile": "cypress\\integration\\testcases\\Frames.js",
      "file": "cypress\\integration\\testcases\\Frames.js",
      "beforeHooks": [],
      "afterHooks": [],
      "tests": [],
      "suites": [
        {
          "uuid": "3c5fb77b-8187-411c-8084-a9bc63c70a8d",
          "title": "My Frames  Test Suite",
          "fullFile": "",
          "file": "",
          "beforeHooks": [],
          "afterHooks": [],
          "tests": [
            {
              "title": "practice iFrame ",
              "fullTitle": "My Frames  Test Suite practice iFrame ",
              "timedOut": null,
              "duration": 4862,
              "state": "failed",
              "speed": null,
              "pass": false,
              "fail": true,
              "pending": false,
              "context": "{\n  \"title\": \"cypress-mochawesome-reporter-screenshots\",\n  \"value\": [\n    [\n      \"\\\\testcases\\\\Frames.js\\\\My Frames  Test Suite -- practice iFrame (failed).png\"\n    ],\n    [\n      \"\\\\testcases\\\\Frames.js\\\\My Frames  Test Suite -- practice iFrame (failed) (attempt 2).png\"\n    ]\n  ]\n}",
              "code": "cy.visit(\"https://rahulshettyacademy.com/AutomationPractice/\");\ncy.wait(1000);\ncy.frameLoaded(\"#courses-iframe\");\ncy.iframe().find(\"a[href*='mentorship']\").eq(0).click();\ncy.wait(1000);\ncy.iframe().find(\"h1[class*=pricing-title]\").should('have.length', 2);",
              "err": {
                "message": "SecurityError: Failed to read a named property 'toString' from 'Location': Blocked a frame with origin \"https://rahulshettyacademy.com\" from accessing a cross-origin frame.",
                "estack": "SecurityError: Failed to read a named property 'toString' from 'Location': Blocked a frame with origin \"https://rahulshettyacademy.com\" from accessing a cross-origin frame.\nError: Failed to read a named property 'toString' from 'Location': Blocked a frame with origin \"https://rahulshettyacademy.com\" from accessing a cross-origin frame.\n    at hasNavigated (node_modules/cypress-iframe/dist/index.js:97:0)\n    at Object.eval (node_modules/cypress-iframe/dist/index.js:100:0)\n    at step (node_modules/cypress-iframe/dist/index.js:43:0)\n    at Object.eval [as next] (node_modules/cypress-iframe/dist/index.js:24:0)\n    at eval (node_modules/cypress-iframe/dist/index.js:18:0)\n    at new Promise (<anonymous>)\n    at __awaiter (node_modules/cypress-iframe/dist/index.js:14:0)\n    at Context.eval (node_modules/cypress-iframe/dist/index.js:79:0)\n    at getRet (https://rahulshettyacademy.com/__cypress/runner/cypress_runner.js:118329:20)\n    at tryCatcher (https://rahulshettyacademy.com/__cypress/runner/cypress_runner.js:1807:23)",
                "diff": null
              },
              "uuid": "833d10fc-f575-4cef-9c26-fd4d7f857611",
              "parentUUID": "3c5fb77b-8187-411c-8084-a9bc63c70a8d",
              "isHook": false,
              "skipped": false
            }
          ],
          "suites": [],
          "passes": [],
          "failures": [
            "833d10fc-f575-4cef-9c26-fd4d7f857611"
          ],
          "pending": [],
          "skipped": [],
          "duration": 4862,
          "root": false,
          "rootEmpty": false,
          "_timeout": 2000
        }
      ],
      "passes": [],
      "failures": [],
      "pending": [],
      "skipped": [],
      "duration": 0,
      "root": true,
      "rootEmpty": true,
      "_timeout": 2000
    }
  ],
  "meta": {
    "mocha": {
      "version": "7.0.1"
    },
    "mochawesome": {
      "options": {
        "quiet": false,
        "reportFilename": "mochawesome",
        "saveHtml": false,
        "saveJson": true,
        "consoleReporter": "spec",
        "useInlineDiffs": false,
        "code": true
      },
      "version": "7.1.3"
    },
    "marge": {
      "options": {
        "reportDir": "cypress\\reports\\.jsons",
        "charts": true,
        "reportPageTitle": "Test Report",
        "embeddedScreenshots": true,
        "inlineAssets": true,
        "overwrite": false,
        "html": false,
        "json": true
      },
      "version": "6.2.0"
    }
  }
}